[2014-09-29 10:44:06] myapp.INFO: Matched route "GET_hello" (parameters: "_controller": "{}", "_route": "GET_hello") [] []
[2014-09-29 10:44:06] myapp.INFO: > GET /Airplane/com/web/hello [] []
[2014-09-29 10:44:06] myapp.DEBUG: made a hello [] []
[2014-09-29 10:44:06] myapp.INFO: < 200 [] []
[2014-09-29 10:44:48] myapp.INFO: Matched route "GET_hello" (parameters: "_controller": "{}", "_route": "GET_hello") [] []
[2014-09-29 10:44:48] myapp.INFO: > GET /Airplane/com/web/hello [] []
[2014-09-29 10:44:48] myapp.INFO: Matched route "GET_flight_id" (parameters: "_controller": "{}", "id": "BW123", "_route": "GET_flight_id") [] []
[2014-09-29 10:44:48] myapp.INFO: > GET /Airplane/com/web/flight/BW123 [] []
[2014-09-29 10:44:48] myapp.DEBUG: made a hello [] []
[2014-09-29 10:44:48] myapp.INFO: < 200 [] []
[2014-09-29 10:44:48] myapp.CRITICAL: LogicException: The controller must return a response (null given). Did you forget to add a return statement somewhere in your controller? (uncaught exception) at /Users/Benjamin/Sites/Airplane/com/vendor/symfony/http-kernel/Symfony/Component/HttpKernel/HttpKernel.php line 163 {"exception":"[object] (LogicException: The controller must return a response (null given). Did you forget to add a return statement somewhere in your controller? at /Users/Benjamin/Sites/Airplane/com/vendor/symfony/http-kernel/Symfony/Component/HttpKernel/HttpKernel.php:163)"} []
[2014-09-29 10:44:48] myapp.INFO: < 500 [] []
[2014-09-29 10:45:16] myapp.INFO: Matched route "GET_hello" (parameters: "_controller": "{}", "_route": "GET_hello") [] []
[2014-09-29 10:45:16] myapp.INFO: > GET /Airplane/com/web/hello [] []
[2014-09-29 10:45:16] myapp.DEBUG: made a hello [] []
[2014-09-29 10:45:16] myapp.INFO: Matched route "GET_flight_id" (parameters: "_controller": "{}", "id": "BW123", "_route": "GET_flight_id") [] []
[2014-09-29 10:45:16] myapp.INFO: > GET /Airplane/com/web/flight/BW123 [] []
[2014-09-29 10:45:16] myapp.CRITICAL: LogicException: The controller must return a response (null given). Did you forget to add a return statement somewhere in your controller? (uncaught exception) at /Users/Benjamin/Sites/Airplane/com/vendor/symfony/http-kernel/Symfony/Component/HttpKernel/HttpKernel.php line 163 {"exception":"[object] (LogicException: The controller must return a response (null given). Did you forget to add a return statement somewhere in your controller? at /Users/Benjamin/Sites/Airplane/com/vendor/symfony/http-kernel/Symfony/Component/HttpKernel/HttpKernel.php:163)"} []
[2014-09-29 10:45:16] myapp.INFO: < 200 [] []
[2014-09-29 10:45:16] myapp.INFO: < 500 [] []
[2014-09-29 10:45:39] myapp.INFO: Matched route "GET_flight_id" (parameters: "_controller": "{}", "id": "BW123", "_route": "GET_flight_id") [] []
[2014-09-29 10:45:39] myapp.INFO: > GET /Airplane/com/web/flight/BW123 [] []
[2014-09-29 10:45:39] myapp.INFO: Matched route "GET_hello" (parameters: "_controller": "{}", "_route": "GET_hello") [] []
[2014-09-29 10:45:39] myapp.INFO: > GET /Airplane/com/web/hello [] []
[2014-09-29 10:45:39] myapp.DEBUG: made a hello [] []
[2014-09-29 10:45:39] myapp.CRITICAL: LogicException: The controller must return a response (Array(id => BW123, carrier => British Airways, dep => Schipol, arr => London, days => Array(0 => monday, 1 => wednessday), time => 11:00) given). (uncaught exception) at /Users/Benjamin/Sites/Airplane/com/vendor/symfony/http-kernel/Symfony/Component/HttpKernel/HttpKernel.php line 163 {"exception":"[object] (LogicException: The controller must return a response (Array(id => BW123, carrier => British Airways, dep => Schipol, arr => London, days => Array(0 => monday, 1 => wednessday), time => 11:00) given). at /Users/Benjamin/Sites/Airplane/com/vendor/symfony/http-kernel/Symfony/Component/HttpKernel/HttpKernel.php:163)"} []
[2014-09-29 10:45:39] myapp.INFO: < 200 [] []
[2014-09-29 10:45:39] myapp.INFO: < 500 [] []
[2014-09-29 10:46:35] myapp.INFO: Matched route "GET_flight_id" (parameters: "_controller": "{}", "id": "BW123", "_route": "GET_flight_id") [] []
[2014-09-29 10:46:35] myapp.INFO: > GET /Airplane/com/web/flight/BW123 [] []
[2014-09-29 10:46:35] myapp.INFO: Matched route "GET_hello" (parameters: "_controller": "{}", "_route": "GET_hello") [] []
[2014-09-29 10:46:35] myapp.INFO: > GET /Airplane/com/web/hello [] []
[2014-09-29 10:46:35] myapp.DEBUG: made a hello [] []
[2014-09-29 10:46:35] myapp.INFO: < 200 [] []
[2014-09-29 10:46:35] myapp.INFO: < 200 [] []
[2014-09-29 10:47:53] myapp.INFO: Matched route "GET_" (parameters: "_controller": "{}", "_route": "GET_") [] []
[2014-09-29 10:47:53] myapp.INFO: > GET /Airplane/com/web/ [] []
[2014-09-29 10:50:55] myapp.INFO: Matched route "GET_flight_id" (parameters: "_controller": "{}", "id": "BW123", "_route": "GET_flight_id") [] []
[2014-09-29 10:50:55] myapp.INFO: Matched route "GET_hello" (parameters: "_controller": "{}", "_route": "GET_hello") [] []
[2014-09-29 10:50:55] myapp.INFO: > GET /Airplane/com/web/hello [] []
[2014-09-29 10:50:55] myapp.INFO: > GET /Airplane/com/web/flight/BW123 [] []
[2014-09-29 10:50:55] myapp.DEBUG: made a hello [] []
[2014-09-29 10:50:55] myapp.INFO: < 200 [] []
[2014-09-29 10:50:55] myapp.INFO: < 200 [] []
[2014-09-29 10:53:07] myapp.INFO: Matched route "GET_flight_id" (parameters: "_controller": "{}", "id": "BW123", "_route": "GET_flight_id") [] []
[2014-09-29 10:53:07] myapp.INFO: Matched route "GET_hello" (parameters: "_controller": "{}", "_route": "GET_hello") [] []
[2014-09-29 10:53:07] myapp.INFO: > GET /Airplane/com/web/hello [] []
[2014-09-29 10:53:07] myapp.INFO: > GET /Airplane/com/web/flight/BW123 [] []
[2014-09-29 10:53:07] myapp.DEBUG: made a hello [] []
[2014-09-29 10:53:07] myapp.INFO: < 200 [] []
[2014-09-29 10:53:07] myapp.INFO: < 200 [] []
[2014-09-29 10:53:32] myapp.INFO: Matched route "GET_hello" (parameters: "_controller": "{}", "_route": "GET_hello") [] []
[2014-09-29 10:53:32] myapp.INFO: > GET /Airplane/com/web/hello [] []
[2014-09-29 10:53:32] myapp.DEBUG: made a hello [] []
[2014-09-29 10:53:32] myapp.INFO: Matched route "GET_flight_id" (parameters: "_controller": "{}", "id": "BW123", "_route": "GET_flight_id") [] []
[2014-09-29 10:53:32] myapp.INFO: > GET /Airplane/com/web/flight/BW123 [] []
[2014-09-29 10:53:32] myapp.INFO: < 200 [] []
[2014-09-29 10:53:32] myapp.INFO: < 200 [] []
[2014-09-29 10:53:40] myapp.INFO: Matched route "GET_flight_id" (parameters: "_controller": "{}", "id": "BW123", "_route": "GET_flight_id") [] []
[2014-09-29 10:53:40] myapp.INFO: > GET /Airplane/com/web/flight/BW123 [] []
[2014-09-29 10:53:40] myapp.INFO: < 200 [] []
[2014-09-29 10:55:19] myapp.INFO: Matched route "GET_flight_id" (parameters: "_controller": "{}", "id": "CV123", "_route": "GET_flight_id") [] []
[2014-09-29 10:55:19] myapp.INFO: > GET /Airplane/com/web/flight/CV123 [] []
[2014-09-29 10:55:19] myapp.INFO: < 200 [] []
[2014-09-29 10:56:15] myapp.INFO: Matched route "GET_flight_id" (parameters: "_controller": "{}", "id": "cd123", "_route": "GET_flight_id") [] []
[2014-09-29 10:56:15] myapp.INFO: > GET /Airplane/com/web/flight/cd123 [] []
[2014-09-29 10:56:15] myapp.INFO: < 200 [] []
[2014-09-29 10:57:32] myapp.INFO: Matched route "GET_flight_id" (parameters: "_controller": "{}", "id": "CD123", "_route": "GET_flight_id") [] []
[2014-09-29 10:57:32] myapp.INFO: > GET /Airplane/com/web/flight/CD123 [] []
[2014-09-29 10:57:32] myapp.ERROR: Symfony\Component\HttpKernel\Exception\HttpException: Flight CD123 does not exist. (uncaught exception) at /Users/Benjamin/Sites/Airplane/com/vendor/silex/silex/src/Silex/Application.php line 373 {"exception":"[object] (Symfony\\Component\\HttpKernel\\Exception\\HttpException: Flight CD123 does not exist. at /Users/Benjamin/Sites/Airplane/com/vendor/silex/silex/src/Silex/Application.php:373)"} []
[2014-09-29 10:57:32] myapp.INFO: < 404 [] []
[2014-09-29 11:00:19] myapp.INFO: Matched route "GET_flight_id" (parameters: "_controller": "{}", "id": "CD123", "_route": "GET_flight_id") [] []
[2014-09-29 11:00:19] myapp.INFO: > GET /Airplane/com/web/flight/CD123 [] []
[2014-09-29 11:00:19] myapp.ERROR: Symfony\Component\HttpKernel\Exception\HttpException: Flight CD123 does not exist. (uncaught exception) at /Users/Benjamin/Sites/Airplane/com/vendor/silex/silex/src/Silex/Application.php line 373 {"exception":"[object] (Symfony\\Component\\HttpKernel\\Exception\\HttpException: Flight CD123 does not exist. at /Users/Benjamin/Sites/Airplane/com/vendor/silex/silex/src/Silex/Application.php:373)"} []
[2014-09-29 11:00:19] myapp.INFO: < 404 [] []
[2014-09-29 11:01:57] myapp.INFO: Matched route "GET_flight_id" (parameters: "_controller": "{}", "id": "Cd123", "_route": "GET_flight_id") [] []
[2014-09-29 11:01:57] myapp.INFO: > GET /Airplane/com/web/flight/Cd123 [] []
[2014-09-29 11:01:57] myapp.ERROR: Symfony\Component\HttpKernel\Exception\HttpException: Flight Cd123 does not exist. (uncaught exception) at /Users/Benjamin/Sites/Airplane/com/vendor/silex/silex/src/Silex/Application.php line 373 {"exception":"[object] (Symfony\\Component\\HttpKernel\\Exception\\HttpException: Flight Cd123 does not exist. at /Users/Benjamin/Sites/Airplane/com/vendor/silex/silex/src/Silex/Application.php:373)"} []
[2014-09-29 11:01:57] myapp.INFO: < 404 [] []
[2014-09-29 11:02:05] myapp.INFO: Matched route "GET_flight_id" (parameters: "_controller": "{}", "id": "BW123", "_route": "GET_flight_id") [] []
[2014-09-29 11:02:05] myapp.INFO: > GET /Airplane/com/web/flight/BW123 [] []
[2014-09-29 11:02:05] myapp.INFO: < 200 [] []
[2014-09-29 11:06:46] myapp.INFO: Matched route "GET_flight_id" (parameters: "_controller": "{}", "id": "cd123", "_route": "GET_flight_id") [] []
[2014-09-29 11:06:46] myapp.INFO: > GET /Airplane/com/web/flight/cd123 [] []
[2014-09-29 11:06:46] myapp.ERROR: Symfony\Component\HttpKernel\Exception\HttpException: Flight cd123 does not exist. (uncaught exception) at /Users/Benjamin/Sites/Airplane/com/vendor/silex/silex/src/Silex/Application.php line 373 {"exception":"[object] (Symfony\\Component\\HttpKernel\\Exception\\HttpException: Flight cd123 does not exist. at /Users/Benjamin/Sites/Airplane/com/vendor/silex/silex/src/Silex/Application.php:373)"} []
[2014-09-29 11:06:46] myapp.INFO: < 404 [] []
[2014-09-29 11:08:09] myapp.INFO: Matched route "GET_flight_id" (parameters: "_controller": "{}", "id": "cd123", "_route": "GET_flight_id") [] []
[2014-09-29 11:08:09] myapp.INFO: > GET /Airplane/com/web/flight/cd123 [] []
[2014-09-29 11:08:09] myapp.ERROR: Symfony\Component\HttpKernel\Exception\HttpException: Flight cd123 does not exist. (uncaught exception) at /Users/Benjamin/Sites/Airplane/com/vendor/silex/silex/src/Silex/Application.php line 373 {"exception":"[object] (Symfony\\Component\\HttpKernel\\Exception\\HttpException: Flight cd123 does not exist. at /Users/Benjamin/Sites/Airplane/com/vendor/silex/silex/src/Silex/Application.php:373)"} []
[2014-09-29 11:08:09] myapp.INFO: < 404 [] []
[2014-09-29 11:09:10] myapp.INFO: Matched route "GET_flight_id" (parameters: "_controller": "{}", "id": "cd123", "_route": "GET_flight_id") [] []
[2014-09-29 11:09:10] myapp.INFO: > GET /Airplane/com/web/flight/cd123 [] []
[2014-09-29 11:09:10] myapp.ERROR: Symfony\Component\HttpKernel\Exception\HttpException: Flight cd123 does not exist. (uncaught exception) at /Users/Benjamin/Sites/Airplane/com/vendor/silex/silex/src/Silex/Application.php line 373 {"exception":"[object] (Symfony\\Component\\HttpKernel\\Exception\\HttpException: Flight cd123 does not exist. at /Users/Benjamin/Sites/Airplane/com/vendor/silex/silex/src/Silex/Application.php:373)"} []
[2014-09-29 11:09:10] myapp.INFO: < 404 [] []
[2014-09-29 11:09:22] myapp.INFO: Matched route "GET_flight_id" (parameters: "_controller": "{}", "id": "cd123", "_route": "GET_flight_id") [] []
[2014-09-29 11:09:22] myapp.INFO: > GET /Airplane/com/web/flight/cd123 [] []
[2014-09-29 11:09:22] myapp.ERROR: Symfony\Component\HttpKernel\Exception\HttpException: Flight cd123 does not exist. (uncaught exception) at /Users/Benjamin/Sites/Airplane/com/vendor/silex/silex/src/Silex/Application.php line 373 {"exception":"[object] (Symfony\\Component\\HttpKernel\\Exception\\HttpException: Flight cd123 does not exist. at /Users/Benjamin/Sites/Airplane/com/vendor/silex/silex/src/Silex/Application.php:373)"} []
[2014-09-29 11:09:22] myapp.INFO: < 404 [] []
[2014-09-29 11:10:32] myapp.INFO: Matched route "GET_flight_id" (parameters: "_controller": "{}", "id": "cd123", "_route": "GET_flight_id") [] []
[2014-09-29 11:10:32] myapp.INFO: > GET /Airplane/com/web/flight/cd123 [] []
[2014-09-29 11:10:32] myapp.ERROR: Symfony\Component\HttpKernel\Exception\HttpException: Flight cd123 does not exist. (uncaught exception) at /Users/Benjamin/Sites/Airplane/com/vendor/silex/silex/src/Silex/Application.php line 373 {"exception":"[object] (Symfony\\Component\\HttpKernel\\Exception\\HttpException: Flight cd123 does not exist. at /Users/Benjamin/Sites/Airplane/com/vendor/silex/silex/src/Silex/Application.php:373)"} []
[2014-09-29 11:10:32] myapp.INFO: < 404 [] []
[2014-09-29 11:10:38] myapp.INFO: Matched route "GET_flight_id" (parameters: "_controller": "{}", "id": "BW123", "_route": "GET_flight_id") [] []
[2014-09-29 11:10:38] myapp.INFO: > GET /Airplane/com/web/flight/BW123 [] []
[2014-09-29 11:10:38] myapp.INFO: < 200 [] []
[2014-09-29 11:12:44] myapp.INFO: Matched route "GET_flight_id" (parameters: "_controller": "{}", "id": "BW123", "_route": "GET_flight_id") [] []
[2014-09-29 11:12:44] myapp.INFO: > GET /Airplane/com/web/flight/BW123 [] []
[2014-09-29 11:12:44] myapp.INFO: < 200 [] []
[2014-09-29 11:14:03] myapp.INFO: Matched route "GET_flight_id" (parameters: "_controller": "{}", "id": "cd123", "_route": "GET_flight_id") [] []
[2014-09-29 11:14:03] myapp.INFO: > GET /Airplane/com/web/flight/cd123 [] []
[2014-09-29 11:14:03] myapp.ERROR: Symfony\Component\HttpKernel\Exception\HttpException: Flight cd123 does not exist. (uncaught exception) at /Users/Benjamin/Sites/Airplane/com/vendor/silex/silex/src/Silex/Application.php line 373 {"exception":"[object] (Symfony\\Component\\HttpKernel\\Exception\\HttpException: Flight cd123 does not exist. at /Users/Benjamin/Sites/Airplane/com/vendor/silex/silex/src/Silex/Application.php:373)"} []
[2014-09-29 11:14:03] myapp.INFO: < 404 [] []
[2014-09-29 11:14:08] myapp.INFO: Matched route "GET_flight_id" (parameters: "_controller": "{}", "id": "BW123", "_route": "GET_flight_id") [] []
[2014-09-29 11:14:08] myapp.INFO: > GET /Airplane/com/web/flight/BW123 [] []
[2014-09-29 11:14:08] myapp.INFO: < 200 [] []
[2014-09-29 11:15:21] myapp.INFO: Matched route "GET_flight_id" (parameters: "_controller": "{}", "id": "BW123", "_route": "GET_flight_id") [] []
[2014-09-29 11:15:21] myapp.INFO: > GET /Airplane/com/web/flight/BW123 [] []
[2014-09-29 11:15:21] myapp.INFO: < 200 [] []
[2014-09-29 11:15:54] myapp.INFO: Matched route "GET_flight_id" (parameters: "_controller": "{}", "id": "BW123", "_route": "GET_flight_id") [] []
[2014-09-29 11:15:54] myapp.INFO: > GET /Airplane/com/web/flight/BW123 [] []
[2014-09-29 11:15:54] myapp.INFO: < 200 [] []
[2014-09-29 11:16:24] myapp.INFO: Matched route "GET_flight_id" (parameters: "_controller": "{}", "id": "BW123", "_route": "GET_flight_id") [] []
[2014-09-29 11:16:24] myapp.INFO: > GET /Airplane/com/web/flight/BW123 [] []
[2014-09-29 11:16:24] myapp.INFO: < 200 [] []
[2014-09-29 11:17:18] myapp.INFO: Matched route "GET_flight_id" (parameters: "_controller": "{}", "id": "BW123", "_route": "GET_flight_id") [] []
[2014-09-29 11:17:18] myapp.INFO: > GET /Airplane/com/web/flight/BW123 [] []
[2014-09-29 11:17:18] myapp.INFO: < 200 [] []
[2014-09-29 11:17:58] myapp.INFO: Matched route "GET_flight_id" (parameters: "_controller": "{}", "id": "CD123", "_route": "GET_flight_id") [] []
[2014-09-29 11:17:58] myapp.INFO: > GET /Airplane/com/web/flight/CD123 [] []
[2014-09-29 11:17:58] myapp.ERROR: Symfony\Component\HttpKernel\Exception\HttpException: Flight CD123 does not exist. (uncaught exception) at /Users/Benjamin/Sites/Airplane/com/vendor/silex/silex/src/Silex/Application.php line 373 {"exception":"[object] (Symfony\\Component\\HttpKernel\\Exception\\HttpException: Flight CD123 does not exist. at /Users/Benjamin/Sites/Airplane/com/vendor/silex/silex/src/Silex/Application.php:373)"} []
[2014-09-29 11:17:58] myapp.INFO: < 404 [] []
[2014-09-29 11:18:04] myapp.INFO: Matched route "GET_flight_id" (parameters: "_controller": "{}", "id": "BW123", "_route": "GET_flight_id") [] []
[2014-09-29 11:18:04] myapp.INFO: > GET /Airplane/com/web/flight/BW123 [] []
[2014-09-29 11:18:04] myapp.INFO: < 200 [] []
